-------------------------------------------------------------------------------
Test set: com.remondis.limbus.events.MulticastHandlerTest
-------------------------------------------------------------------------------
Tests run: 5, Failures: 0, Errors: 5, Skipped: 0, Time elapsed: 0.356 s <<< FAILURE! - in com.remondis.limbus.events.MulticastHandlerTest
com.remondis.limbus.events.MulticastHandlerTest.multicast_01_test  Time elapsed: 0.331 s  <<< ERROR!
org.mockito.exceptions.base.MockitoException: Problems setting field subscriberMock annotated with @org.mockito.Mock(name="", extraInterfaces={}, stubOnly=false, answer=RETURNS_DEFAULTS, serializable=false)
Caused by: java.lang.reflect.InaccessibleObjectException: Unable to make field protected com.remondis.limbus.events.SubscriberType com.remondis.limbus.events.MulticastHandlerTest.subscriberMock accessible: module com.remondis.limbus.events does not "opens com.remondis.limbus.events" to unnamed module @76f7d241

com.remondis.limbus.events.MulticastHandlerTest.eventMulticasterFactory_01_test  Time elapsed: 0.005 s  <<< ERROR!
org.mockito.exceptions.misusing.UnfinishedMockingSessionException: 

Unfinished mocking session detected.
Previous MockitoSession was not concluded with 'finishMocking()'.
For examples of correct usage see javadoc for MockitoSession class.

com.remondis.limbus.events.MulticastHandlerTest.eventMulticasterFactory_02_test  Time elapsed: 0 s  <<< ERROR!
org.mockito.exceptions.misusing.UnfinishedMockingSessionException: 

Unfinished mocking session detected.
Previous MockitoSession was not concluded with 'finishMocking()'.
For examples of correct usage see javadoc for MockitoSession class.

com.remondis.limbus.events.MulticastHandlerTest.multicast_errorhandling_01_test  Time elapsed: 0 s  <<< ERROR!
org.mockito.exceptions.misusing.UnfinishedMockingSessionException: 

Unfinished mocking session detected.
Previous MockitoSession was not concluded with 'finishMocking()'.
For examples of correct usage see javadoc for MockitoSession class.

com.remondis.limbus.events.MulticastHandlerTest.multicast_silent_errorhandling_01_test  Time elapsed: 0 s  <<< ERROR!
org.mockito.exceptions.misusing.UnfinishedMockingSessionException: 

Unfinished mocking session detected.
Previous MockitoSession was not concluded with 'finishMocking()'.
For examples of correct usage see javadoc for MockitoSession class.

