<?xml version="1.0" encoding="UTF-8"?>
<testsuite xmlns:xsi="http://www.w3.org/2001/XMLSchema-instance" xsi:noNamespaceSchemaLocation="https://maven.apache.org/surefire/maven-surefire-plugin/xsd/surefire-test-report-3.0.xsd" version="3.0" name="com.remondis.limbus.events.MulticastHandlerTest" time="0.356" tests="5" errors="5" skipped="0" failures="0">
  <properties>
[...]
</properties>
  <testcase name="multicast_01_test" classname="com.remondis.limbus.events.MulticastHandlerTest" time="0.331">
    <error type="org.mockito.exceptions.base.MockitoException"><![CDATA[org.mockito.exceptions.base.MockitoException: Problems setting field subscriberMock annotated with @org.mockito.Mock(name="", extraInterfaces={}, stubOnly=false, answer=RETURNS_DEFAULTS, serializable=false)
Caused by: java.lang.reflect.InaccessibleObjectException: Unable to make field protected com.remondis.limbus.events.SubscriberType com.remondis.limbus.events.MulticastHandlerTest.subscriberMock accessible: module com.remondis.limbus.events does not "opens com.remondis.limbus.events" to unnamed module @76f7d241
]]></error>
  </testcase>
  <testcase name="eventMulticasterFactory_01_test" classname="com.remondis.limbus.events.MulticastHandlerTest" time="0.005">
    <error type="org.mockito.exceptions.misusing.UnfinishedMockingSessionException"><![CDATA[org.mockito.exceptions.misusing.UnfinishedMockingSessionException: 

Unfinished mocking session detected.
Previous MockitoSession was not concluded with 'finishMocking()'.
For examples of correct usage see javadoc for MockitoSession class.
]]></error>
  </testcase>
  <testcase name="eventMulticasterFactory_02_test" classname="com.remondis.limbus.events.MulticastHandlerTest" time="0">
    <error type="org.mockito.exceptions.misusing.UnfinishedMockingSessionException"><![CDATA[org.mockito.exceptions.misusing.UnfinishedMockingSessionException: 

Unfinished mocking session detected.
Previous MockitoSession was not concluded with 'finishMocking()'.
For examples of correct usage see javadoc for MockitoSession class.
]]></error>
  </testcase>
  <testcase name="multicast_errorhandling_01_test" classname="com.remondis.limbus.events.MulticastHandlerTest" time="0">
    <error type="org.mockito.exceptions.misusing.UnfinishedMockingSessionException"><![CDATA[org.mockito.exceptions.misusing.UnfinishedMockingSessionException: 

Unfinished mocking session detected.
Previous MockitoSession was not concluded with 'finishMocking()'.
For examples of correct usage see javadoc for MockitoSession class.
]]></error>
  </testcase>
  <testcase name="multicast_silent_errorhandling_01_test" classname="com.remondis.limbus.events.MulticastHandlerTest" time="0">
    <error type="org.mockito.exceptions.misusing.UnfinishedMockingSessionException"><![CDATA[org.mockito.exceptions.misusing.UnfinishedMockingSessionException: 

Unfinished mocking session detected.
Previous MockitoSession was not concluded with 'finishMocking()'.
For examples of correct usage see javadoc for MockitoSession class.
]]></error>
  </testcase>
</testsuite>